12-21 16:35:45 com_github_MitjaNemec_PlaceFootprints.action_place_footprints 641:Plugin executed on: 'win32'
12-21 16:35:45 com_github_MitjaNemec_PlaceFootprints.action_place_footprints 642:Plugin executed with python version: '3.9.16 (main, Apr  9 2023, 05:22:13) [MSC v.1934 64 bit (AMD64)]'
12-21 16:35:45 com_github_MitjaNemec_PlaceFootprints.action_place_footprints 643:KiCad build version: 7.0.2
12-21 16:35:45 com_github_MitjaNemec_PlaceFootprints.action_place_footprints 644:Plugin version: 2.1.2
12-21 16:35:45 com_github_MitjaNemec_PlaceFootprints.action_place_footprints 645:Frame repr: <wx._core.Frame object at 0x000001CB19BF6E50>
12-21 16:35:45 com_github_MitjaNemec_PlaceFootprints.place_footprints 121:getting a list of all footprints on board
12-21 16:35:45 com_github_MitjaNemec_PlaceFootprints.place_footprints 156:Footprint RESET1 on root level
12-21 16:35:45 com_github_MitjaNemec_PlaceFootprints.place_footprints 156:Footprint BOOT1 on root level
12-21 16:35:45 com_github_MitjaNemec_PlaceFootprints.place_footprints 156:Footprint R6 on root level
12-21 16:35:45 com_github_MitjaNemec_PlaceFootprints.place_footprints 156:Footprint H2 on root level
12-21 16:35:45 com_github_MitjaNemec_PlaceFootprints.place_footprints 156:Footprint D22 on root level
12-21 16:35:45 com_github_MitjaNemec_PlaceFootprints.place_footprints 156:Footprint C4 on root level
12-21 16:35:45 com_github_MitjaNemec_PlaceFootprints.place_footprints 156:Footprint R29 on root level
12-21 16:35:45 com_github_MitjaNemec_PlaceFootprints.place_footprints 156:Footprint Touch1 on root level
12-21 16:35:45 com_github_MitjaNemec_PlaceFootprints.place_footprints 156:Footprint R26 on root level
12-21 16:35:45 com_github_MitjaNemec_PlaceFootprints.place_footprints 156:Footprint R40 on root level
12-21 16:35:45 com_github_MitjaNemec_PlaceFootprints.place_footprints 156:Footprint R7 on root level
12-21 16:35:45 com_github_MitjaNemec_PlaceFootprints.place_footprints 156:Footprint R25 on root level
12-21 16:35:45 com_github_MitjaNemec_PlaceFootprints.place_footprints 156:Footprint BT2 on root level
12-21 16:35:45 com_github_MitjaNemec_PlaceFootprints.place_footprints 156:Footprint D21 on root level
12-21 16:35:45 com_github_MitjaNemec_PlaceFootprints.place_footprints 156:Footprint R3 on root level
12-21 16:35:45 com_github_MitjaNemec_PlaceFootprints.place_footprints 156:Footprint R2 on root level
12-21 16:35:45 com_github_MitjaNemec_PlaceFootprints.place_footprints 156:Footprint C5 on root level
12-21 16:35:45 com_github_MitjaNemec_PlaceFootprints.place_footprints 156:Footprint D24 on root level
12-21 16:35:45 com_github_MitjaNemec_PlaceFootprints.place_footprints 156:Footprint BT4 on root level
12-21 16:35:45 com_github_MitjaNemec_PlaceFootprints.place_footprints 156:Footprint R37 on root level
12-21 16:35:45 com_github_MitjaNemec_PlaceFootprints.place_footprints 156:Footprint D1 on root level
12-21 16:35:45 com_github_MitjaNemec_PlaceFootprints.place_footprints 156:Footprint R24 on root level
12-21 16:35:45 com_github_MitjaNemec_PlaceFootprints.place_footprints 156:Footprint R23 on root level
12-21 16:35:45 com_github_MitjaNemec_PlaceFootprints.place_footprints 156:Footprint C2 on root level
12-21 16:35:45 com_github_MitjaNemec_PlaceFootprints.place_footprints 156:Footprint SenseOut1 on root level
12-21 16:35:45 com_github_MitjaNemec_PlaceFootprints.place_footprints 156:Footprint R5 on root level
12-21 16:35:45 com_github_MitjaNemec_PlaceFootprints.place_footprints 156:Footprint D5 on root level
12-21 16:35:45 com_github_MitjaNemec_PlaceFootprints.place_footprints 156:Footprint C8 on root level
12-21 16:35:45 com_github_MitjaNemec_PlaceFootprints.place_footprints 156:Footprint H1 on root level
12-21 16:35:45 com_github_MitjaNemec_PlaceFootprints.place_footprints 156:Footprint R27 on root level
12-21 16:35:45 com_github_MitjaNemec_PlaceFootprints.place_footprints 156:Footprint D2 on root level
12-21 16:35:45 com_github_MitjaNemec_PlaceFootprints.place_footprints 156:Footprint U1 on root level
12-21 16:35:45 com_github_MitjaNemec_PlaceFootprints.place_footprints 156:Footprint D4 on root level
12-21 16:35:45 com_github_MitjaNemec_PlaceFootprints.place_footprints 156:Footprint C9 on root level
12-21 16:35:45 com_github_MitjaNemec_PlaceFootprints.place_footprints 156:Footprint C1 on root level
12-21 16:35:45 com_github_MitjaNemec_PlaceFootprints.place_footprints 156:Footprint D3 on root level
12-21 16:35:45 com_github_MitjaNemec_PlaceFootprints.place_footprints 156:Footprint R9 on root level
12-21 16:35:45 com_github_MitjaNemec_PlaceFootprints.place_footprints 156:Footprint R34 on root level
12-21 16:35:45 com_github_MitjaNemec_PlaceFootprints.place_footprints 156:Footprint LedIn1 on root level
12-21 16:35:45 com_github_MitjaNemec_PlaceFootprints.place_footprints 156:Footprint H4 on root level
12-21 16:35:45 com_github_MitjaNemec_PlaceFootprints.place_footprints 156:Footprint D25 on root level
12-21 16:35:45 com_github_MitjaNemec_PlaceFootprints.place_footprints 156:Footprint U3 on root level
12-21 16:35:45 com_github_MitjaNemec_PlaceFootprints.place_footprints 156:Footprint R38 on root level
12-21 16:35:45 com_github_MitjaNemec_PlaceFootprints.place_footprints 156:Footprint R39 on root level
12-21 16:35:45 com_github_MitjaNemec_PlaceFootprints.place_footprints 156:Footprint BT5 on root level
12-21 16:35:45 com_github_MitjaNemec_PlaceFootprints.place_footprints 156:Footprint U4 on root level
12-21 16:35:45 com_github_MitjaNemec_PlaceFootprints.place_footprints 156:Footprint BT3 on root level
12-21 16:35:45 com_github_MitjaNemec_PlaceFootprints.place_footprints 156:Footprint R28 on root level
12-21 16:35:45 com_github_MitjaNemec_PlaceFootprints.place_footprints 156:Footprint H3 on root level
12-21 16:35:45 com_github_MitjaNemec_PlaceFootprints.place_footprints 156:Footprint BT1 on root level
12-21 16:35:45 com_github_MitjaNemec_PlaceFootprints.place_footprints 156:Footprint D23 on root level
12-21 16:35:45 com_github_MitjaNemec_PlaceFootprints.place_footprints 156:Footprint R8 on root level
12-21 16:35:45 com_github_MitjaNemec_PlaceFootprints.place_footprints 156:Footprint R1 on root level
12-21 16:35:45 com_github_MitjaNemec_PlaceFootprints.place_footprints 156:Footprint U2 on root level
12-21 16:35:45 com_github_MitjaNemec_PlaceFootprints.place_footprints 156:Footprint FLASH1 on root level
12-21 16:35:45 com_github_MitjaNemec_PlaceFootprints.place_footprints 156:Footprint R33 on root level
12-21 16:35:45 com_github_MitjaNemec_PlaceFootprints.place_footprints 156:Footprint R36 on root level
12-21 16:35:45 com_github_MitjaNemec_PlaceFootprints.place_footprints 156:Footprint J1 on root level
12-21 16:35:45 com_github_MitjaNemec_PlaceFootprints.place_footprints 156:Footprint C7 on root level
12-21 16:35:45 com_github_MitjaNemec_PlaceFootprints.place_footprints 156:Footprint LedOut1 on root level
12-21 16:35:45 com_github_MitjaNemec_PlaceFootprints.place_footprints 156:Footprint R4 on root level
12-21 16:35:45 com_github_MitjaNemec_PlaceFootprints.place_footprints 156:Footprint SesnseIn1 on root level
12-21 16:35:45 com_github_MitjaNemec_PlaceFootprints.place_footprints 156:Footprint D9 on root level
12-21 16:35:45 com_github_MitjaNemec_PlaceFootprints.place_footprints 156:Footprint R35 on root level
12-21 16:35:45 com_github_MitjaNemec_PlaceFootprints.place_footprints 156:Footprint D13 on root level
12-21 16:35:45 com_github_MitjaNemec_PlaceFootprints.place_footprints 156:Footprint R32 on root level
12-21 16:35:45 com_github_MitjaNemec_PlaceFootprints.place_footprints 156:Footprint R11 on root level
12-21 16:35:45 com_github_MitjaNemec_PlaceFootprints.place_footprints 156:Footprint D19 on root level
12-21 16:35:45 com_github_MitjaNemec_PlaceFootprints.place_footprints 156:Footprint R31 on root level
12-21 16:35:45 com_github_MitjaNemec_PlaceFootprints.place_footprints 156:Footprint D20 on root level
12-21 16:35:45 com_github_MitjaNemec_PlaceFootprints.place_footprints 156:Footprint R14 on root level
12-21 16:35:45 com_github_MitjaNemec_PlaceFootprints.place_footprints 156:Footprint R13 on root level
12-21 16:35:45 com_github_MitjaNemec_PlaceFootprints.place_footprints 156:Footprint D12 on root level
12-21 16:35:45 com_github_MitjaNemec_PlaceFootprints.place_footprints 156:Footprint D15 on root level
12-21 16:35:45 com_github_MitjaNemec_PlaceFootprints.place_footprints 156:Footprint R30 on root level
12-21 16:35:45 com_github_MitjaNemec_PlaceFootprints.place_footprints 156:Footprint D18 on root level
12-21 16:35:45 com_github_MitjaNemec_PlaceFootprints.place_footprints 156:Footprint R12 on root level
12-21 16:35:45 com_github_MitjaNemec_PlaceFootprints.place_footprints 156:Footprint R15 on root level
12-21 16:35:45 com_github_MitjaNemec_PlaceFootprints.place_footprints 156:Footprint D10 on root level
12-21 16:35:45 com_github_MitjaNemec_PlaceFootprints.place_footprints 156:Footprint D6 on root level
12-21 16:35:45 com_github_MitjaNemec_PlaceFootprints.place_footprints 156:Footprint C3 on root level
12-21 16:35:45 com_github_MitjaNemec_PlaceFootprints.place_footprints 156:Footprint D17 on root level
12-21 16:35:45 com_github_MitjaNemec_PlaceFootprints.place_footprints 156:Footprint D7 on root level
12-21 16:35:45 com_github_MitjaNemec_PlaceFootprints.place_footprints 156:Footprint D8 on root level
12-21 16:35:45 com_github_MitjaNemec_PlaceFootprints.place_footprints 156:Footprint D11 on root level
12-21 16:35:45 com_github_MitjaNemec_PlaceFootprints.place_footprints 156:Footprint D16 on root level
12-21 16:35:45 com_github_MitjaNemec_PlaceFootprints.place_footprints 156:Footprint C6 on root level
12-21 16:35:45 com_github_MitjaNemec_PlaceFootprints.place_footprints 156:Footprint D14 on root level
12-21 16:35:47 com_github_MitjaNemec_PlaceFootprints.action_place_footprints 824:Reference designator is: D
12-21 16:35:47 com_github_MitjaNemec_PlaceFootprints.action_place_footprints 825:Reference number is: 25
12-21 16:35:47 com_github_MitjaNemec_PlaceFootprints.action_place_footprints 857:Sorted and filtered list:
['D1', 'D2', 'D3', 'D4', 'D5', 'D6', 'D7', 'D8', 'D9', 'D10', 'D11', 'D12', 'D13', 'D14', 'D15', 'D16', 'D17', 'D18', 'D19', 'D20', 'D21', 'D22', 'D23', 'D24', 'D25']
12-21 16:35:47 com_github_MitjaNemec_PlaceFootprints.action_place_footprints 358:wx.Colour(240, 240, 240, 255)
12-21 16:36:18 com_github_MitjaNemec_PlaceFootprints.action_place_footprints 489:'20.05'
12-21 16:36:18 com_github_MitjaNemec_PlaceFootprints.action_place_footprints 895:Footprints to place:
['D21', 'D22', 'D23', 'D24', 'D25']
12-21 16:36:18 com_github_MitjaNemec_PlaceFootprints.place_footprints 398:Starting placing with matrix layout
12-21 16:36:18 com_github_MitjaNemec_PlaceFootprints.action_place_footprints 965:Placing complete
